#
# There is insufficient memory for the Java Runtime Environment to continue.
# Native memory allocation (mmap) failed to map 89128960 bytes for Failed to commit area from 0x0000000088000000 to 0x000000008d500000 of length 89128960.
# Possible reasons:
#   The system is out of physical RAM or swap space
#   The process is running with CompressedOops enabled, and the Java Heap may be blocking the growth of the native heap
# Possible solutions:
#   Reduce memory load on the system
#   Increase physical memory or swap space
#   Check if swap backing store is full
#   Decrease Java heap size (-Xmx/-Xms)
#   Decrease number of Java threads
#   Decrease Java thread stack sizes (-Xss)
#   Set larger code cache with -XX:ReservedCodeCacheSize=
#   JVM is running with Unscaled Compressed Oops mode in which the Java heap is
#     placed in the first 4GB address space. The Java Heap base address is the
#     maximum limit for the native heap growth. Please use -XX:HeapBaseMinAddress
#     to set the Java Heap base and to place the Java Heap above 4GB virtual address.
# This output file may be truncated or incomplete.
#
#  Out of Memory Error (c:/cygwin64/tmp/openjdk-jdk11u-windows-x64-hotspot/workspace/build/src/src/hotspot/os/windows/os_windows.cpp:3291), pid=15616, tid=14800
#
# JRE version: OpenJDK Runtime Environment (11.0.5+10) (build 11.0.5+10)
# Java VM: OpenJDK 64-Bit Server VM (11.0.5+10, mixed mode, tiered, compressed oops, g1 gc, windows-amd64)
# Core dump will be written. Default location: C:\Users\saansari\eclipse-workspace\MonsterAutomationFramework\hs_err_pid15616.mdmp
#

---------------  S U M M A R Y ------------

Command Line: -ea -Dfile.encoding=Cp1252 org.testng.remote.RemoteTestNG -serport 64358 -protocol json -d C:\Users\saansari\eclipse-workspace\MonsterAutomationFramework\test-output C:\Temp\6\testng-eclipse-1202218126\testng-customsuite.xml

Host: Intel(R) Xeon(R) CPU E5-2695 v2 @ 2.40GHz, 2 cores, 7G,  Windows Server 2012 R2 , 64 bit Build 9600 (6.3.9600.19538)
Time: Fri Jan 17 05:11:56 2020 Eastern Standard Time elapsed time: 14 seconds (0d 0h 0m 14s)

---------------  T H R E A D  ---------------

Current thread (0x000000315c153800):  VMThread "VM Thread" [stack: 0x000000315ca70000,0x000000315cb70000] [id=14800]

Stack: [0x000000315ca70000,0x000000315cb70000]
[error occurred during error reporting (printing stack bounds), id 0xc0000005, EXCEPTION_ACCESS_VIOLATION (0xc0000005) at pc=0x0000003146150dad]

Native frames: (J=compiled Java code, j=interpreted, Vv=VM code, C=native code)
V  [jvm.dll+0x5d9aaa]
V  [jvm.dll+0x70ed1e]
V  [jvm.dll+0x7103ab]
V  [jvm.dll+0x7109d5]
V  [jvm.dll+0x71098b]
V  [jvm.dll+0x5d9393]
V  [jvm.dll+0x5d9758]
C  [ntdll.dll+0x9349d]
C  [ntdll.dll+0x548d7]
C  [ntdll.dll+0x9262a]
C  0x0000003146150dad

VM_Operation (0x000000313d2fc170): G1CollectForAllocation, mode: safepoint, requested by thread 0x000000313db60800


---------------  P R O C E S S  ---------------

Threads class SMR info:
_java_thread_list=0x000000315e05e800, length=17, elements={
0x000000313db60800, 0x000000315c15a800, 0x000000315c15b800, 0x000000315cb7c800,
0x000000315cbc2800, 0x000000315cbc3800, 0x000000315cc27800, 0x000000315cc2a000,
0x000000315cd3e000, 0x000000315cd52000, 0x000000315e1aa800, 0x000000315e723800,
0x000000315e724000, 0x000000315e735000, 0x000000315e743000, 0x000000315ce93800,
0x000000315ce94800
}

Java Threads: ( => current thread )
  0x000000313db60800 JavaThread "Forwarding isElementDisplayed on session ac4786acd1f17eeed496b83109359fd0 to remote" [_thread_blocked, id=13884, stack(0x000000313d200000,0x000000313d300000)]
  0x000000315c15a800 JavaThread "Reference Handler" daemon [_thread_blocked, id=16020, stack(0x000000315cf70000,0x000000315d070000)]
  0x000000315c15b800 JavaThread "Finalizer" daemon [_thread_blocked, id=11484, stack(0x000000315d070000,0x000000315d170000)]
  0x000000315cb7c800 JavaThread "Signal Dispatcher" daemon [_thread_blocked, id=16364, stack(0x000000315d250000,0x000000315d350000)]
  0x000000315cbc2800 JavaThread "Attach Listener" daemon [_thread_blocked, id=14432, stack(0x000000315d350000,0x000000315d450000)]
  0x000000315cbc3800 JavaThread "C2 CompilerThread0" daemon [_thread_blocked, id=14936, stack(0x000000315d450000,0x000000315d550000)]
  0x000000315cc27800 JavaThread "C1 CompilerThread0" daemon [_thread_blocked, id=14384, stack(0x000000315d550000,0x000000315d650000)]
  0x000000315cc2a000 JavaThread "Sweeper thread" daemon [_thread_blocked, id=15580, stack(0x000000315d650000,0x000000315d750000)]
  0x000000315cd3e000 JavaThread "Service Thread" daemon [_thread_blocked, id=14128, stack(0x000000315d750000,0x000000315d850000)]
  0x000000315cd52000 JavaThread "Common-Cleaner" daemon [_thread_blocked, id=13748, stack(0x000000315d950000,0x000000315da50000)]
  0x000000315e1aa800 JavaThread "ReaderThread" [_thread_in_native, id=6304, stack(0x000000315f700000,0x000000315f800000)]
  0x000000315e723800 JavaThread "Exec Default Executor" daemon [_thread_in_native, id=12448, stack(0x0000003160200000,0x0000003160300000)]
  0x000000315e724000 JavaThread "UrlChecker-2" daemon [_thread_blocked, id=11420, stack(0x0000003160300000,0x0000003160400000)]
  0x000000315e735000 JavaThread "Exec Stream Pumper" daemon [_thread_in_native, id=4124, stack(0x0000003160400000,0x0000003160500000)]
  0x000000315e743000 JavaThread "Exec Stream Pumper" daemon [_thread_in_native, id=10220, stack(0x0000003160500000,0x0000003160600000)]
  0x000000315ce93800 JavaThread "OkHttp ConnectionPool" daemon [_thread_blocked, id=12096, stack(0x0000003160b00000,0x0000003160c00000)]
  0x000000315ce94800 JavaThread "Okio Watchdog" daemon [_thread_blocked, id=8988, stack(0x0000003160c00000,0x0000003160d00000)]

Other Threads:
=>0x000000315c153800 VMThread "VM Thread" [stack: 0x000000315ca70000,0x000000315cb70000] [id=14800]
  0x000000315cd45800 WatcherThread [stack: 0x000000315d850000,0x000000315d950000] [id=12424]
  0x000000313db78000 GCTaskThread "GC Thread#0" [stack: 0x000000313d4e0000,0x000000313d5e0000] [id=12412]
  0x000000315cde7800 GCTaskThread "GC Thread#1" [stack: 0x000000315e250000,0x000000315e350000] [id=7752]
  0x000000313dba9000 ConcurrentGCThread "G1 Main Marker" [stack: 0x000000313d800000,0x000000313d900000] [id=14400]
  0x000000313dbac000 ConcurrentGCThread "G1 Conc#0" [stack: 0x000000313d900000,0x000000313da00000] [id=15712]
  0x000000315bfa1800 ConcurrentGCThread "G1 Refine#0" [stack: 0x000000313da00000,0x000000313db00000] [id=8368]
  0x000000315bfa3800 ConcurrentGCThread "G1 Young RemSet Sampling" [stack: 0x000000315c170000,0x000000315c270000] [id=8448]

Threads with active compile tasks:
C2 CompilerThread0  14523 1996       4       com.google.common.collect.RegularImmutableMap::get (64 bytes)

VM state:at safepoint (normal execution)

VM Mutex/Monitor currently owned by a thread:  ([mutex/lock_event])
[0x000000313db5fc90] Threads_lock - owner thread: 0x000000315c153800
[0x000000313db5ea00] Heap_lock - owner thread: 0x000000313db60800

Heap address: 0x0000000080000000, size: 2048 MB, Compressed Oops mode: 32-bit
Narrow klass base: 0x0000000000000000, Narrow klass shift: 3
Compressed class space size: 1073741824 Address: 0x0000000100000000

Heap:
 garbage-first heap   total 218112K, used 12463K [0x0000000080000000, 0x0000000100000000)
  region size 1024K, 3 young (3072K), 3 survivors (3072K)
 Metaspace       used 25332K, capacity 25923K, committed 26160K, reserved 1073152K
  class space    used 2862K, capacity 3099K, committed 3200K, reserved 1048576K
Heap Regions: E=young(eden), S=young(survivor), O=old, HS=humongous(starts), HC=humongous(continues), CS=collection set, F=free, A=archive, TAMS=top-at-mark-start (previous, next)
|   0|0x0000000080000000, 0x0000000080100000, 0x0000000080100000|100%| O|  |TAMS 0x0000000080100000, 0x0000000080000000| Untracked 
|   1|0x0000000080100000, 0x0000000080200000, 0x0000000080200000|100%| O|  |TAMS 0x0000000080200000, 0x0000000080100000| Untracked 
|   2|0x0000000080200000, 0x0000000080300000, 0x0000000080300000|100%| O|  |TAMS 0x0000000080300000, 0x0000000080200000| Untracked 
|   3|0x0000000080300000, 0x0000000080400000, 0x0000000080400000|100%|HS|  |TAMS 0x0000000080400000, 0x0000000080300000| Complete 
|   4|0x0000000080400000, 0x0000000080500000, 0x0000000080500000|100%| O|  |TAMS 0x0000000080500000, 0x0000000080400000| Untracked 
|   5|0x0000000080500000, 0x0000000080600000, 0x0000000080600000|100%| O|  |TAMS 0x0000000080600000, 0x0000000080500000| Untracked 
|   6|0x0000000080600000, 0x0000000080700000, 0x0000000080700000|100%| O|  |TAMS 0x0000000080700000, 0x0000000080600000| Untracked 
|   7|0x0000000080700000, 0x0000000080800000, 0x0000000080800000|100%| O|  |TAMS 0x0000000080800000, 0x0000000080700000| Untracked 
|   8|0x0000000080800000, 0x0000000080900000, 0x0000000080900000|100%| O|  |TAMS 0x0000000080900000, 0x0000000080800000| Untracked 
|   9|0x0000000080900000, 0x0000000080a00000, 0x0000000080a00000|100%| O|  |TAMS 0x0000000080a00000, 0x0000000080900000| Untracked 
|  10|0x0000000080a00000, 0x0000000080a22400, 0x0000000080b00000| 13%| O|  |TAMS 0x0000000080a22400, 0x0000000080a00000| Untracked 
|  11|0x0000000080b00000, 0x0000000080b00000, 0x0000000080c00000|  0%| F|  |TAMS 0x0000000080b00000, 0x0000000080b00000| Untracked 
|  12|0x0000000080c00000, 0x0000000080c00000, 0x0000000080d00000|  0%| F|  |TAMS 0x0000000080c00000, 0x0000000080c00000| Untracked 
|  13|0x0000000080d00000, 0x0000000080d00000, 0x0000000080e00000|  0%| F|  |TAMS 0x0000000080d00000, 0x0000000080d00000| Untracked 
|  14|0x0000000080e00000, 0x0000000080e00000, 0x0000000080f00000|  0%| F|  |TAMS 0x0000000080e00000, 0x0000000080e00000| Untracked 
|  15|0x0000000080f00000, 0x0000000080f00000, 0x0000000081000000|  0%| F|  |TAMS 0x0000000080f00000, 0x0000000080f00000| Untracked 
|  16|0x0000000081000000, 0x0000000081000000, 0x0000000081100000|  0%| F|  |TAMS 0x0000000081000000, 0x0000000081000000| Untracked 
|  17|0x0000000081100000, 0x0000000081100000, 0x0000000081200000|  0%| F|  |TAMS 0x0000000081100000, 0x0000000081100000| Untracked 
|  18|0x0000000081200000, 0x0000000081200000, 0x0000000081300000|  0%| F|  |TAMS 0x0000000081200000, 0x0000000081200000| Untracked 
|  19|0x0000000081300000, 0x0000000081300000, 0x0000000081400000|  0%| F|  |TAMS 0x0000000081300000, 0x0000000081300000| Untracked 
|  20|0x0000000081400000, 0x0000000081400000, 0x0000000081500000|  0%| F|  |TAMS 0x0000000081400000, 0x0000000081400000| Untracked 
|  21|0x0000000081500000, 0x0000000081500000, 0x0000000081600000|  0%| F|  |TAMS 0x0000000081500000, 0x0000000081500000| Untracked 
|  22|0x0000000081600000, 0x0000000081600000, 0x0000000081700000|  0%| F|  |TAMS 0x0000000081600000, 0x0000000081600000| Untracked 
|  23|0x0000000081700000, 0x0000000081700000, 0x0000000081800000|  0%| F|  |TAMS 0x0000000081700000, 0x0000000081700000| Untracked 
|  24|0x0000000081800000, 0x0000000081800000, 0x0000000081900000|  0%| F|  |TAMS 0x0000000081800000, 0x0000000081800000| Untracked 
|  25|0x0000000081900000, 0x0000000081900000, 0x0000000081a00000|  0%| F|  |TAMS 0x0000000081900000, 0x0000000081900000| Untracked 
|  26|0x0000000081a00000, 0x0000000081a00000, 0x0000000081b00000|  0%| F|  |TAMS 0x0000000081a00000, 0x0000000081a00000| Untracked 
|  27|0x0000000081b00000, 0x0000000081b00000, 0x0000000081c00000|  0%| F|  |TAMS 0x0000000081b00000, 0x0000000081b00000| Untracked 
|  28|0x0000000081c00000, 0x0000000081c00000, 0x0000000081d00000|  0%| F|  |TAMS 0x0000000081c00000, 0x0000000081c00000| Untracked 
|  29|0x0000000081d00000, 0x0000000081d00000, 0x0000000081e00000|  0%| F|  |TAMS 0x0000000081d00000, 0x0000000081d00000| Untracked 
|  30|0x0000000081e00000, 0x0000000081e00000, 0x0000000081f00000|  0%| F|  |TAMS 0x0000000081e00000, 0x0000000081e00000| Untracked 
|  31|0x0000000081f00000, 0x0000000081f00000, 0x0000000082000000|  0%| F|  |TAMS 0x0000000081f00000, 0x0000000081f00000| Untracked 
|  32|0x0000000082000000, 0x0000000082000000, 0x0000000082100000|  0%| F|  |TAMS 0x0000000082000000, 0x0000000082000000| Untracked 
|  33|0x0000000082100000, 0x0000000082100000, 0x0000000082200000|  0%| F|  |TAMS 0x0000000082100000, 0x0000000082100000| Untracked 
|  34|0x0000000082200000, 0x0000000082200000, 0x0000000082300000|  0%| F|  |TAMS 0x0000000082200000, 0x0000000082200000| Untracked 
|  35|0x0000000082300000, 0x0000000082300000, 0x0000000082400000|  0%| F|  |TAMS 0x0000000082300000, 0x0000000082300000| Untracked 
|  36|0x0000000082400000, 0x0000000082400000, 0x0000000082500000|  0%| F|  |TAMS 0x0000000082400000, 0x0000000082400000| Untracked 
|  37|0x0000000082500000, 0x0000000082500000, 0x0000000082600000|  0%| F|  |TAMS 0x0000000082500000, 0x0000000082500000| Untracked 
|  38|0x0000000082600000, 0x0000000082600000, 0x0000000082700000|  0%| F|  |TAMS 0x0000000082600000, 0x0000000082600000| Untracked 
|  39|0x0000000082700000, 0x0000000082700000, 0x0000000082800000|  0%| F|  |TAMS 0x0000000082700000, 0x0000000082700000| Untracked 
|  40|0x0000000082800000, 0x0000000082800000, 0x0000000082900000|  0%| F|  |TAMS 0x0000000082800000, 0x0000000082800000| Untracked 
|  41|0x0000000082900000, 0x0000000082900000, 0x0000000082a00000|  0%| F|  |TAMS 0x0000000082900000, 0x0000000082900000| Untracked 
|  42|0x0000000082a00000, 0x0000000082a00000, 0x0000000082b00000|  0%| F|  |TAMS 0x0000000082a00000, 0x0000000082a00000| Untracked 
|  43|0x0000000082b00000, 0x0000000082b00000, 0x0000000082c00000|  0%| F|  |TAMS 0x0000000082b00000, 0x0000000082b00000| Untracked 
|  44|0x0000000082c00000, 0x0000000082c00000, 0x0000000082d00000|  0%| F|  |TAMS 0x0000000082c00000, 0x0000000082c00000| Untracked 
|  45|0x0000000082d00000, 0x0000000082d00000, 0x0000000082e00000|  0%| F|  |TAMS 0x0000000082d00000, 0x0000000082d00000| Untracked 
|  46|0x0000000082e00000, 0x0000000082e00000, 0x0000000082f00000|  0%| F|  |TAMS 0x0000000082e00000, 0x0000000082e00000| Untracked 
|  47|0x0000000082f00000, 0x0000000082f00000, 0x0000000083000000|  0%| F|  |TAMS 0x0000000082f00000, 0x0000000082f00000| Untracked 
|  48|0x0000000083000000, 0x0000000083000000, 0x0000000083100000|  0%| F|  |TAMS 0x0000000083000000, 0x0000000083000000| Untracked 
|  49|0x0000000083100000, 0x0000000083100000, 0x0000000083200000|  0%| F|  |TAMS 0x0000000083100000, 0x0000000083100000| Untracked 
|  50|0x0000000083200000, 0x0000000083200000, 0x0000000083300000|  0%| F|  |TAMS 0x0000000083200000, 0x0000000083200000| Untracked 
|  51|0x0000000083300000, 0x0000000083300000, 0x0000000083400000|  0%| F|  |TAMS 0x0000000083300000, 0x0000000083300000| Untracked 
|  52|0x0000000083400000, 0x0000000083400000, 0x0000000083500000|  0%| F|  |TAMS 0x0000000083400000, 0x0000000083400000| Untracked 
|  53|0x0000000083500000, 0x0000000083500000, 0x0000000083600000|  0%| F|  |TAMS 0x0000000083500000, 0x0000000083500000| Untracked 
|  54|0x0000000083600000, 0x0000000083600000, 0x0000000083700000|  0%| F|  |TAMS 0x0000000083600000, 0x0000000083600000| Untracked 
|  55|0x0000000083700000, 0x0000000083700000, 0x0000000083800000|  0%| F|  |TAMS 0x0000000083700000, 0x0000000083700000| Untracked 
|  56|0x0000000083800000, 0x0000000083800000, 0x0000000083900000|  0%| F|  |TAMS 0x0000000083800000, 0x0000000083800000| Untracked 
|  57|0x0000000083900000, 0x0000000083900000, 0x0000000083a00000|  0%| F|  |TAMS 0x0000000083900000, 0x0000000083900000| Untracked 
|  58|0x0000000083a00000, 0x0000000083a00000, 0x0000000083b00000|  0%| F|  |TAMS 0x0000000083a00000, 0x0000000083a00000| Untracked 
|  59|0x0000000083b00000, 0x0000000083b00000, 0x0000000083c00000|  0%| F|  |TAMS 0x0000000083b00000, 0x0000000083b00000| Untracked 
|  60|0x0000000083c00000, 0x0000000083c00000, 0x0000000083d00000|  0%| F|  |TAMS 0x0000000083c00000, 0x0000000083c00000| Untracked 
|  61|0x0000000083d00000, 0x0000000083d00000, 0x0000000083e00000|  0%| F|  |TAMS 0x0000000083d00000, 0x0000000083d00000| Untracked 
|  62|0x0000000083e00000, 0x0000000083e00000, 0x0000000083f00000|  0%| F|  |TAMS 0x0000000083e00000, 0x0000000083e00000| Untracked 
|  63|0x0000000083f00000, 0x0000000083f00000, 0x0000000084000000|  0%| F|  |TAMS 0x0000000083f00000, 0x0000000083f00000| Untracked 
|  64|0x0000000084000000, 0x0000000084000000, 0x0000000084100000|  0%| F|  |TAMS 0x0000000084000000, 0x0000000084000000| Untracked 
|  65|0x0000000084100000, 0x0000000084100000, 0x0000000084200000|  0%| F|  |TAMS 0x0000000084100000, 0x0000000084100000| Untracked 
|  66|0x0000000084200000, 0x0000000084200000, 0x0000000084300000|  0%| F|  |TAMS 0x0000000084200000, 0x0000000084200000| Untracked 
|  67|0x0000000084300000, 0x0000000084300000, 0x0000000084400000|  0%| F|  |TAMS 0x0000000084300000, 0x0000000084300000| Untracked 
|  68|0x0000000084400000, 0x0000000084400000, 0x0000000084500000|  0%| F|  |TAMS 0x0000000084400000, 0x0000000084400000| Untracked 
|  69|0x0000000084500000, 0x0000000084500000, 0x0000000084600000|  0%| F|  |TAMS 0x0000000084500000, 0x0000000084500000| Untracked 
|  70|0x0000000084600000, 0x0000000084600000, 0x0000000084700000|  0%| F|  |TAMS 0x0000000084600000, 0x0000000084600000| Untracked 
|  71|0x0000000084700000, 0x0000000084700000, 0x0000000084800000|  0%| F|  |TAMS 0x0000000084700000, 0x0000000084700000| Untracked 
|  72|0x0000000084800000, 0x0000000084800000, 0x0000000084900000|  0%| F|  |TAMS 0x0000000084800000, 0x0000000084800000| Untracked 
|  73|0x0000000084900000, 0x0000000084900000, 0x0000000084a00000|  0%| F|  |TAMS 0x0000000084900000, 0x0000000084900000| Untracked 
|  74|0x0000000084a00000, 0x0000000084a00000, 0x0000000084b00000|  0%| F|  |TAMS 0x0000000084a00000, 0x0000000084a00000| Untracked 
|  75|0x0000000084b00000, 0x0000000084b00000, 0x0000000084c00000|  0%| F|  |TAMS 0x0000000084b00000, 0x0000000084b00000| Untracked 
|  76|0x0000000084c00000, 0x0000000084c00000, 0x0000000084d00000|  0%| F|  |TAMS 0x0000000084c00000, 0x0000000084c00000| Untracked 
|  77|0x0000000084d00000, 0x0000000084d00000, 0x0000000084e00000|  0%| F|  |TAMS 0x0000000084d00000, 0x0000000084d00000| Untracked 
|  78|0x0000000084e00000, 0x0000000084e00000, 0x0000000084f00000|  0%| F|  |TAMS 0x0000000084e00000, 0x0000000084e00000| Untracked 
|  79|0x0000000084f00000, 0x0000000084f00000, 0x0000000085000000|  0%| F|  |TAMS 0x0000000084f00000, 0x0000000084f00000| Untracked 
|  80|0x0000000085000000, 0x0000000085000000, 0x0000000085100000|  0%| F|  |TAMS 0x0000000085000000, 0x0000000085000000| Untracked 
|  81|0x0000000085100000, 0x0000000085100000, 0x0000000085200000|  0%| F|  |TAMS 0x0000000085100000, 0x0000000085100000| Untracked 
|  82|0x0000000085200000, 0x0000000085200000, 0x0000000085300000|  0%| F|  |TAMS 0x0000000085200000, 0x0000000085200000| Untracked 
|  83|0x0000000085300000, 0x0000000085300000, 0x0000000085400000|  0%| F|  |TAMS 0x0000000085300000, 0x0000000085300000| Untracked 
|  84|0x0000000085400000, 0x0000000085400000, 0x0000000085500000|  0%| F|  |TAMS 0x0000000085400000, 0x0000000085400000| Untracked 
|  85|0x0000000085500000, 0x0000000085500000, 0x0000000085600000|  0%| F|  |TAMS 0x0000000085500000, 0x0000000085500000| Untracked 
|  86|0x0000000085600000, 0x0000000085600000, 0x0000000085700000|  0%| F|  |TAMS 0x0000000085600000, 0x0000000085600000| Untracked 
|  87|0x0000000085700000, 0x0000000085700000, 0x0000000085800000|  0%| F|  |TAMS 0x0000000085700000, 0x0000000085700000| Untracked 
|  88|0x0000000085800000, 0x0000000085800000, 0x0000000085900000|  0%| F|  |TAMS 0x0000000085800000, 0x0000000085800000| Untracked 
|  89|0x0000000085900000, 0x0000000085900000, 0x0000000085a00000|  0%| F|  |TAMS 0x0000000085900000, 0x0000000085900000| Untracked 
|  90|0x0000000085a00000, 0x0000000085a00000, 0x0000000085b00000|  0%| F|  |TAMS 0x0000000085a00000, 0x0000000085a00000| Untracked 
|  91|0x0000000085b00000, 0x0000000085b00000, 0x0000000085c00000|  0%| F|  |TAMS 0x0000000085b00000, 0x0000000085b00000| Untracked 
|  92|0x0000000085c00000, 0x0000000085c00000, 0x0000000085d00000|  0%| F|  |TAMS 0x0000000085c00000, 0x0000000085c00000| Untracked 
|  93|0x0000000085d00000, 0x0000000085d00000, 0x0000000085e00000|  0%| F|  |TAMS 0x0000000085d00000, 0x0000000085d00000| Untracked 
|  94|0x0000000085e00000, 0x0000000085e00000, 0x0000000085f00000|  0%| F|  |TAMS 0x0000000085e00000, 0x0000000085e00000| Untracked 
|  95|0x0000000085f00000, 0x0000000085f00000, 0x0000000086000000|  0%| F|  |TAMS 0x0000000085f00000, 0x0000000085f00000| Untracked 
|  96|0x0000000086000000, 0x0000000086000000, 0x0000000086100000|  0%| F|  |TAMS 0x0000000086000000, 0x0000000086000000| Untracked 
|  97|0x0000000086100000, 0x0000000086100000, 0x0000000086200000|  0%| F|  |TAMS 0x0000000086100000, 0x0000000086100000| Untracked 
|  98|0x0000000086200000, 0x0000000086200000, 0x0000000086300000|  0%| F|  |TAMS 0x0000000086200000, 0x0000000086200000| Untracked 
|  99|0x0000000086300000, 0x0000000086300000, 0x0000000086400000|  0%| F|  |TAMS 0x0000000086300000, 0x0000000086300000| Untracked 
| 100|0x0000000086400000, 0x0000000086400000, 0x0000000086500000|  0%| F|  |TAMS 0x0000000086400000, 0x0000000086400000| Untracked 
| 101|0x0000000086500000, 0x0000000086500000, 0x0000000086600000|  0%| F|  |TAMS 0x0000000086500000, 0x0000000086500000| Untracked 
| 102|0x0000000086600000, 0x0000000086609810, 0x0000000086700000|  3%| S|CS|TAMS 0x0000000086600000, 0x0000000086600000| Complete 
| 103|0x0000000086700000, 0x0000000086800000, 0x0000000086800000|100%| S|CS|TAMS 0x0000000086700000, 0x0000000086700000| Complete 
| 104|0x0000000086800000, 0x0000000086900000, 0x0000000086900000|100%| S|CS|TAMS 0x0000000086800000, 0x0000000086800000| Complete 
| 105|0x0000000086900000, 0x0000000086900000, 0x0000000086a00000|  0%| F|  |TAMS 0x0000000086900000, 0x0000000086900000| Untracked 
| 106|0x0000000086a00000, 0x0000000086a00000, 0x0000000086b00000|  0%| F|  |TAMS 0x0000000086a00000, 0x0000000086a00000| Untracked 
| 107|0x0000000086b00000, 0x0000000086b00000, 0x0000000086c00000|  0%| F|  |TAMS 0x0000000086b00000, 0x0000000086b00000| Untracked 
| 108|0x0000000086c00000, 0x0000000086c00000, 0x0000000086d00000|  0%| F|  |TAMS 0x0000000086c00000, 0x0000000086c00000| Untracked 
| 109|0x0000000086d00000, 0x0000000086d00000, 0x0000000086e00000|  0%| F|  |TAMS 0x0000000086d00000, 0x0000000086d00000| Untracked 
| 110|0x0000000086e00000, 0x0000000086e00000, 0x0000000086f00000|  0%| F|  |TAMS 0x0000000086e00000, 0x0000000086e00000| Untracked 
| 111|0x0000000086f00000, 0x0000000086f00000, 0x0000000087000000|  0%| F|  |TAMS 0x0000000086f00000, 0x0000000086f00000| Untracked 
| 112|0x0000000087000000, 0x0000000087000000, 0x0000000087100000|  0%| F|  |TAMS 0x0000000087000000, 0x0000000087000000| Untracked 
| 113|0x0000000087100000, 0x0000000087100000, 0x0000000087200000|  0%| F|  |TAMS 0x0000000087100000, 0x0000000087100000| Untracked 
| 114|0x0000000087200000, 0x0000000087200000, 0x0000000087300000|  0%| F|  |TAMS 0x0000000087200000, 0x0000000087200000| Untracked 
| 115|0x0000000087300000, 0x0000000087300000, 0x0000000087400000|  0%| F|  |TAMS 0x0000000087300000, 0x0000000087300000| Untracked 
| 116|0x0000000087400000, 0x0000000087400000, 0x0000000087500000|  0%| F|  |TAMS 0x0000000087400000, 0x0000000087400000| Untracked 
| 117|0x0000000087500000, 0x0000000087500000, 0x0000000087600000|  0%| F|  |TAMS 0x0000000087500000, 0x0000000087500000| Untracked 
| 118|0x0000000087600000, 0x0000000087600000, 0x0000000087700000|  0%| F|  |TAMS 0x0000000087600000, 0x0000000087600000| Untracked 
| 119|0x0000000087700000, 0x0000000087700000, 0x0000000087800000|  0%| F|  |TAMS 0x0000000087700000, 0x0000000087700000| Untracked 
| 120|0x0000000087800000, 0x0000000087800000, 0x0000000087900000|  0%| F|  |TAMS 0x0000000087800000, 0x0000000087800000| Untracked 
| 121|0x0000000087900000, 0x0000000087900000, 0x0000000087a00000|  0%| F|  |TAMS 0x0000000087900000, 0x0000000087900000| Untracked 
| 122|0x0000000087a00000, 0x0000000087a00000, 0x0000000087b00000|  0%| F|  |TAMS 0x0000000087a00000, 0x0000000087a00000| Untracked 
| 123|0x0000000087b00000, 0x0000000087b00000, 0x0000000087c00000|  0%| F|  |TAMS 0x0000000087b00000, 0x0000000087b00000| Untracked 
| 124|0x0000000087c00000, 0x0000000087c00000, 0x0000000087d00000|  0%| F|  |TAMS 0x0000000087c00000, 0x0000000087c00000| Untracked 
| 125|0x0000000087d00000, 0x0000000087d00000, 0x0000000087e00000|  0%| F|  |TAMS 0x0000000087d00000, 0x0000000087d00000| Untracked 
| 126|0x0000000087e00000, 0x0000000087e00000, 0x0000000087f00000|  0%| F|  |TAMS 0x0000000087e00000, 0x0000000087e00000| Untracked 
| 127|0x0000000087f00000, 0x0000000087f00000, 0x0000000088000000|  0%| F|  |TAMS 0x0000000087f00000, 0x0000000087f00000| Untracked 

Card table byte_map: [0x0000003155550000,0x0000003155950000] _byte_map_base: 0x0000003155150000

Marking Bits (Prev, Next): (CMBitMap*) 0x000000313dba0030, (CMBitMap*) 0x000000313db9fff8
 Prev Bits: [0x0000003157d50000, 0x0000003159d50000)
 Next Bits: [0x0000003155d50000, 0x0000003157d50000)

Polling page: 0x000000313b8a0000

Metaspace:

Usage:
  Non-class:     22.29 MB capacity,    21.94 MB ( 98%) used,   289.46 KB (  1%) free+waste,    64.69 KB ( <1%) overhead. 
      Class:      3.03 MB capacity,     2.80 MB ( 92%) used,   204.84 KB (  7%) free+waste,    31.44 KB (  1%) overhead. 
       Both:     25.32 MB capacity,    24.74 MB ( 98%) used,   494.30 KB (  2%) free+waste,    96.13 KB ( <1%) overhead. 

Virtual space:
  Non-class space:       24.00 MB reserved,      22.42 MB ( 93%) committed 
      Class space:        1.00 GB reserved,       3.13 MB ( <1%) committed 
             Both:        1.02 GB reserved,      25.55 MB (  2%) committed 

Chunk freelists:
   Non-Class:  8.00 KB
       Class:  5.00 KB
        Both:  13.00 KB

MaxMetaspaceSize: 17179869184.00 GB
CompressedClassSpaceSize: 1.00 GB

CodeHeap 'non-profiled nmethods': size=120064Kb used=747Kb max_used=747Kb free=119316Kb
 bounds [0x000000314dc10000, 0x000000314de80000, 0x0000003155150000]
CodeHeap 'profiled nmethods': size=120000Kb used=4055Kb max_used=4055Kb free=115944Kb
 bounds [0x00000031466e0000, 0x0000003146ae0000, 0x000000314dc10000]
CodeHeap 'non-nmethods': size=5696Kb used=1171Kb max_used=1200Kb free=4524Kb
 bounds [0x0000003146150000, 0x00000031463c0000, 0x00000031466e0000]
 total_blobs=3223 nmethods=1983 adapters=423
 compilation: enabled
              stopped_count=0, restarted_count=0
 full_count=0

Compilation events (20 events):
Event: 14.465 Thread 0x000000315cc27800 1987       3       java.util.regex.Matcher::appendExpandedReplacement (510 bytes)
Event: 14.470 Thread 0x000000315cbc3800 nmethod 1979 0x000000314dcc9210 code [0x000000314dcc93e0, 0x000000314dcc9798]
Event: 14.470 Thread 0x000000315cbc3800 1982       4       java.util.regex.Pattern$BmpCharProperty::match (55 bytes)
Event: 14.472 Thread 0x000000315cc27800 nmethod 1987 0x0000003146acc790 code [0x0000003146acd060, 0x0000003146ad20e0]
Event: 14.474 Thread 0x000000315cbc3800 nmethod 1982 0x000000314dcc9a10 code [0x000000314dcc9bc0, 0x000000314dcc9dc8]
Event: 14.474 Thread 0x000000315cbc3800 1988       4       java.lang.AbstractStringBuilder::appendChars (133 bytes)
Event: 14.474 Thread 0x000000315cc27800 1989       3       java.util.HashMap::<init> (8 bytes)
Event: 14.475 Thread 0x000000315cc27800 nmethod 1989 0x0000003146ad3d90 code [0x0000003146ad3f80, 0x0000003146ad4110]
Event: 14.476 Thread 0x000000315cc27800 1990       3       com.google.common.collect.RegularImmutableMap::get (64 bytes)
Event: 14.476 Thread 0x000000315cc27800 nmethod 1990 0x0000003146ad4190 code [0x0000003146ad43a0, 0x0000003146ad4a50]
Event: 14.476 Thread 0x000000315cc27800 1991       3       org.openqa.selenium.json.JsonOutput::lambda$asString$31 (36 bytes)
Event: 14.477 Thread 0x000000315cc27800 nmethod 1991 0x0000003146ad4c90 code [0x0000003146ad4f40, 0x0000003146ad5c40]
Event: 14.478 Thread 0x000000315cc27800 1992       1       com.google.common.collect.ImmutableMapEntry$NonTerminalImmutableMapEntry::getNextInKeyBucket (5 bytes)
Event: 14.478 Thread 0x000000315cc27800 nmethod 1992 0x000000314dcca010 code [0x000000314dcca1c0, 0x000000314dcca2d8]
Event: 14.478 Thread 0x000000315cbc3800 nmethod 1988 0x000000314dcca390 code [0x000000314dcca540, 0x000000314dcca7a8]
Event: 14.480 Thread 0x000000315cbc3800 1993       4       java.util.stream.ForEachOps$ForEachOp$OfRef::accept (11 bytes)
Event: 14.480 Thread 0x000000315cbc3800 nmethod 1993 0x000000314dcca990 code [0x000000314dccab20, 0x000000314dccabb8]
Event: 14.480 Thread 0x000000315cbc3800 1994       4       java.lang.Integer::equals (29 bytes)
Event: 14.481 Thread 0x000000315cbc3800 nmethod 1994 0x000000314dccac90 code [0x000000314dccae20, 0x000000314dccaed8]
Event: 14.481 Thread 0x000000315cbc3800 1996       4       com.google.common.collect.RegularImmutableMap::get (64 bytes)

GC Heap History (9 events):
Event: 1.121 GC heap before
{Heap before GC invocations=0 (full 0):
 garbage-first heap   total 131072K, used 6144K [0x0000000080000000, 0x0000000100000000)
  region size 1024K, 7 young (7168K), 0 survivors (0K)
 Metaspace       used 7055K, capacity 7178K, committed 7424K, reserved 1056768K
  class space    used 631K, capacity 667K, committed 768K, reserved 1048576K
}
Event: 1.131 GC heap after
{Heap after GC invocations=1 (full 0):
 garbage-first heap   total 131072K, used 3584K [0x0000000080000000, 0x0000000100000000)
  region size 1024K, 1 young (1024K), 1 survivors (1024K)
 Metaspace       used 7055K, capacity 7178K, committed 7424K, reserved 1056768K
  class space    used 631K, capacity 667K, committed 768K, reserved 1048576K
}
Event: 1.219 GC heap before
{Heap before GC invocations=1 (full 0):
 garbage-first heap   total 131072K, used 8704K [0x0000000080000000, 0x0000000100000000)
  region size 1024K, 6 young (6144K), 1 survivors (1024K)
 Metaspace       used 7074K, capacity 7178K, committed 7424K, reserved 1056768K
  class space    used 631K, capacity 667K, committed 768K, reserved 1048576K
}
Event: 1.235 GC heap after
{Heap after GC invocations=2 (full 0):
 garbage-first heap   total 131072K, used 6659K [0x0000000080000000, 0x0000000100000000)
  region size 1024K, 1 young (1024K), 1 survivors (1024K)
 Metaspace       used 7074K, capacity 7178K, committed 7424K, reserved 1056768K
  class space    used 631K, capacity 667K, committed 768K, reserved 1048576K
}
Event: 3.801 GC heap before
{Heap before GC invocations=2 (full 0):
 garbage-first heap   total 131072K, used 35331K [0x0000000080000000, 0x0000000100000000)
  region size 1024K, 29 young (29696K), 1 survivors (1024K)
 Metaspace       used 18155K, capacity 18473K, committed 18688K, reserved 1067008K
  class space    used 1898K, capacity 2029K, committed 2048K, reserved 1048576K
}
Event: 3.846 GC heap after
{Heap after GC invocations=3 (full 0):
 garbage-first heap   total 131072K, used 10634K [0x0000000080000000, 0x0000000100000000)
  region size 1024K, 4 young (4096K), 4 survivors (4096K)
 Metaspace       used 18155K, capacity 18473K, committed 18688K, reserved 1067008K
  class space    used 1898K, capacity 2029K, committed 2048K, reserved 1048576K
}
Event: 5.809 GC heap before
{Heap before GC invocations=3 (full 0):
 garbage-first heap   total 131072K, used 19850K [0x0000000080000000, 0x0000000100000000)
  region size 1024K, 14 young (14336K), 4 survivors (4096K)
 Metaspace       used 20895K, capacity 21285K, committed 21296K, reserved 1069056K
  class space    used 2261K, capacity 2421K, committed 2432K, reserved 1048576K
}
Event: 5.975 GC heap after
{Heap after GC invocations=4 (full 0):
 garbage-first heap   total 131072K, used 11341K [0x0000000080000000, 0x0000000100000000)
  region size 1024K, 1 young (1024K), 1 survivors (1024K)
 Metaspace       used 20895K, capacity 21285K, committed 21296K, reserved 1069056K
  class space    used 2261K, capacity 2421K, committed 2432K, reserved 1048576K
}
Event: 14.484 GC heap before
{Heap before GC invocations=5 (full 0):
 garbage-first heap   total 131072K, used 33869K [0x0000000080000000, 0x0000000100000000)
  region size 1024K, 23 young (23552K), 1 survivors (1024K)
 Metaspace       used 25332K, capacity 25923K, committed 26160K, reserved 1073152K
  class space    used 2862K, capacity 3099K, committed 3200K, reserved 1048576K
}

Deoptimization events (20 events):
Event: 6.167 Thread 0x000000313db60800 Uncommon trap: trap_request=0xffffff4d fr.pc=0x000000314dc92138 relative=0x0000000000000178
Event: 6.167 Thread 0x000000313db60800 Uncommon trap: reason=unstable_if action=reinterpret pc=0x000000314dc92138 method=java.util.regex.Pattern$BmpCharProperty.match(Ljava/util/regex/Matcher;ILjava/lang/CharSequence;)Z @ 5 c2
Event: 6.167 Thread 0x000000313db60800 DEOPT PACKING pc=0x000000314dc92138 sp=0x000000313d2fbc40
Event: 6.167 Thread 0x000000313db60800 DEOPT UNPACKING pc=0x0000003146178eaf sp=0x000000313d2fbc08 mode 2
Event: 14.141 Thread 0x000000313db60800 Uncommon trap: trap_request=0xffffffde fr.pc=0x000000314dc29f50 relative=0x00000000000001b0
Event: 14.141 Thread 0x000000313db60800 Uncommon trap: reason=class_check action=maybe_recompile pc=0x000000314dc29f50 method=java.lang.String.equals(Ljava/lang/Object;)Z @ 8 c2
Event: 14.142 Thread 0x000000313db60800 DEOPT PACKING pc=0x000000314dc29f50 sp=0x000000313d2fce70
Event: 14.142 Thread 0x000000313db60800 DEOPT UNPACKING pc=0x0000003146178eaf sp=0x000000313d2fce08 mode 2
Event: 14.142 Thread 0x000000313db60800 Uncommon trap: trap_request=0xffffffde fr.pc=0x000000314dc29f50 relative=0x00000000000001b0
Event: 14.142 Thread 0x000000313db60800 Uncommon trap: reason=class_check action=maybe_recompile pc=0x000000314dc29f50 method=java.lang.String.equals(Ljava/lang/Object;)Z @ 8 c2
Event: 14.142 Thread 0x000000313db60800 DEOPT PACKING pc=0x000000314dc29f50 sp=0x000000313d2fcdc0
Event: 14.142 Thread 0x000000313db60800 DEOPT UNPACKING pc=0x0000003146178eaf sp=0x000000313d2fcd58 mode 2
Event: 14.142 Thread 0x000000313db60800 Uncommon trap: trap_request=0xffffffde fr.pc=0x000000314dc29f50 relative=0x00000000000001b0
Event: 14.142 Thread 0x000000313db60800 Uncommon trap: reason=class_check action=maybe_recompile pc=0x000000314dc29f50 method=java.lang.String.equals(Ljava/lang/Object;)Z @ 8 c2
Event: 14.142 Thread 0x000000313db60800 DEOPT PACKING pc=0x000000314dc29f50 sp=0x000000313d2fce70
Event: 14.142 Thread 0x000000313db60800 DEOPT UNPACKING pc=0x0000003146178eaf sp=0x000000313d2fce08 mode 2
Event: 14.144 Thread 0x000000313db60800 Uncommon trap: trap_request=0xffffffde fr.pc=0x000000314dc29f50 relative=0x00000000000001b0
Event: 14.144 Thread 0x000000313db60800 Uncommon trap: reason=class_check action=maybe_recompile pc=0x000000314dc29f50 method=java.lang.String.equals(Ljava/lang/Object;)Z @ 8 c2
Event: 14.144 Thread 0x000000313db60800 DEOPT PACKING pc=0x000000314dc29f50 sp=0x000000313d2fce70
Event: 14.144 Thread 0x000000313db60800 DEOPT UNPACKING pc=0x0000003146178eaf sp=0x000000313d2fce08 mode 2

Classes redefined (0 events):
No events

Internal exceptions (20 events):
Event: 5.441 Thread 0x000000315e724000 Exception <a 'java/net/SocketTimeoutException'{0x0000000087952090}: connect timed out> (0x0000000087952090) thrown at [c:/cygwin64/tmp/openjdk-jdk11u-windows-x64-hotspot/workspace/build/src/src/hotspot/share/prims/jni.cpp, line 636]
Event: 5.524 Thread 0x000000313db60800 Exception <a 'java/lang/NoSuchMethodError'{0x000000008786d4f0}: 'java.lang.Object java.lang.invoke.DirectMethodHandle$Holder.invokeInterface(java.lang.Object, java.lang.Object, java.lang.Object)'> (0x000000008786d4f0) thrown at [c:/cygwin64/tmp/openjdk-jd
Event: 5.525 Thread 0x000000313db60800 Exception <a 'java/lang/IncompatibleClassChangeError'{0x00000000878706a8}: Found class java.lang.Object, but interface was expected> (0x00000000878706a8) thrown at [c:/cygwin64/tmp/openjdk-jdk11u-windows-x64-hotspot/workspace/build/src/src/hotspot/share/i
Event: 5.589 Thread 0x000000313db60800 Exception <a 'java/lang/NoSuchMethodError'{0x0000000087879398}: 'int java.lang.invoke.DirectMethodHandle$Holder.invokeSpecialIFC(java.lang.Object, java.lang.Object, java.lang.Object, java.lang.Object)'> (0x0000000087879398) thrown at [c:/cygwin64/tmp/open
Event: 5.591 Thread 0x000000313db60800 Exception <a 'java/lang/NoSuchMethodError'{0x0000000087881620}: 'java.lang.Object java.lang.invoke.DirectMethodHandle$Holder.invokeInterface(java.lang.Object, java.lang.Object, java.lang.Object, java.lang.Object)'> (0x0000000087881620) thrown at [c:/cygwi
Event: 5.604 Thread 0x000000313db60800 Exception <a 'java/lang/NoSuchMethodError'{0x00000000878a78e8}: 'java.lang.Object java.lang.invoke.DirectMethodHandle$Holder.invokeVirtual(java.lang.Object, java.lang.Object, java.lang.Object)'> (0x00000000878a78e8) thrown at [c:/cygwin64/tmp/openjdk-jdk1
Event: 5.633 Thread 0x000000313db60800 Exception <a 'java/lang/NoSuchMethodError'{0x0000000087793d60}: 'int java.lang.invoke.DirectMethodHandle$Holder.invokeVirtual(java.lang.Object, java.lang.Object)'> (0x0000000087793d60) thrown at [c:/cygwin64/tmp/openjdk-jdk11u-windows-x64-hotspot/workspac
Event: 5.634 Thread 0x000000313db60800 Exception <a 'java/lang/NoSuchMethodError'{0x0000000087799770}: 'double java.lang.invoke.DirectMethodHandle$Holder.invokeVirtual(java.lang.Object, java.lang.Object)'> (0x0000000087799770) thrown at [c:/cygwin64/tmp/openjdk-jdk11u-windows-x64-hotspot/works
Event: 5.637 Thread 0x000000313db60800 Exception <a 'java/lang/NoSuchMethodError'{0x000000008779f370}: 'float java.lang.invoke.DirectMethodHandle$Holder.invokeVirtual(java.lang.Object, java.lang.Object)'> (0x000000008779f370) thrown at [c:/cygwin64/tmp/openjdk-jdk11u-windows-x64-hotspot/worksp
Event: 5.640 Thread 0x000000313db60800 Exception <a 'java/lang/NoSuchMethodError'{0x00000000877a76b0}: 'long java.lang.invoke.DirectMethodHandle$Holder.invokeVirtual(java.lang.Object, java.lang.Object)'> (0x00000000877a76b0) thrown at [c:/cygwin64/tmp/openjdk-jdk11u-windows-x64-hotspot/workspa
Event: 5.680 Thread 0x000000313db60800 Exception <a 'java/lang/NoSuchMethodError'{0x0000000087675450}: 'void java.lang.invoke.DirectMethodHandle$Holder.invokeSpecial(java.lang.Object, java.lang.Object, java.lang.Object, java.lang.Object)'> (0x0000000087675450) thrown at [c:/cygwin64/tmp/openjd
Event: 6.147 Thread 0x000000313db60800 Exception <a 'java/lang/NoSuchMethodError'{0x0000000087df4998}: 'void java.lang.invoke.DirectMethodHandle$Holder.invokeStatic(java.lang.Object, java.lang.Object, java.lang.Object, java.lang.Object, java.lang.Object)'> (0x0000000087df4998) thrown at [c:/cy
Event: 10.025 Thread 0x000000313db60800 Exception <a 'java/lang/NoSuchMethodError'{0x00000000877f8310}: 'java.lang.Object java.lang.invoke.DirectMethodHandle$Holder.invokeSpecialIFC(java.lang.Object, java.lang.Object, java.lang.Object)'> (0x00000000877f8310) thrown at [c:/cygwin64/tmp/openjdk-j
Event: 10.062 Thread 0x000000313db60800 Exception <a 'java/lang/ClassNotFoundException'{0x0000000087698578}: sun/util/logging/resources/spi/loggingProvider> (0x0000000087698578) thrown at [c:/cygwin64/tmp/openjdk-jdk11u-windows-x64-hotspot/workspace/build/src/src/hotspot/share/classfile/systemD
Event: 10.095 Thread 0x000000313db60800 Exception <a 'java/net/SocketTimeoutException'{0x00000000874b04d8}: Read timed out> (0x00000000874b04d8) thrown at [c:/cygwin64/tmp/openjdk-jdk11u-windows-x64-hotspot/workspace/build/src/src/hotspot/share/prims/jni.cpp, line 636]
Event: 11.229 Thread 0x000000313db60800 Exception <a 'java/net/SocketTimeoutException'{0x00000000874ce7d0}: Read timed out> (0x00000000874ce7d0) thrown at [c:/cygwin64/tmp/openjdk-jdk11u-windows-x64-hotspot/workspace/build/src/src/hotspot/share/prims/jni.cpp, line 636]
Event: 11.239 Thread 0x000000313db60800 Exception <a 'java/net/SocketTimeoutException'{0x0000000087305fd0}: Read timed out> (0x0000000087305fd0) thrown at [c:/cygwin64/tmp/openjdk-jdk11u-windows-x64-hotspot/workspace/build/src/src/hotspot/share/prims/jni.cpp, line 636]
Event: 11.305 Thread 0x000000313db60800 Exception <a 'java/net/SocketTimeoutException'{0x00000000872d9230}: Read timed out> (0x00000000872d9230) thrown at [c:/cygwin64/tmp/openjdk-jdk11u-windows-x64-hotspot/workspace/build/src/src/hotspot/share/prims/jni.cpp, line 636]
Event: 14.021 Thread 0x000000313db60800 Exception <a 'java/lang/NoSuchMethodError'{0x00000000872f0b30}: 'void java.lang.invoke.DirectMethodHandle$Holder.invokeVirtual(java.lang.Object, java.lang.Object)'> (0x00000000872f0b30) thrown at [c:/cygwin64/tmp/openjdk-jdk11u-windows-x64-hotspot/workspa
Event: 14.215 Thread 0x000000313db60800 Exception <a 'java/net/SocketTimeoutException'{0x0000000086b37950}: Read timed out> (0x0000000086b37950) thrown at [c:/cygwin64/tmp/openjdk-jdk11u-windows-x64-hotspot/workspace/build/src/src/hotspot/share/prims/jni.cpp, line 636]

Events (20 events):
Event: 14.202 loading class com/codeborne/selenide/commands/GetSearchCriteria done
Event: 14.203 loading class com/codeborne/selenide/commands/Execute
Event: 14.203 loading class com/codeborne/selenide/commands/Execute done
Event: 14.203 loading class com/codeborne/selenide/impl/WebElementSelector
Event: 14.203 loading class com/codeborne/selenide/impl/WebElementSelector done
Event: 14.458 loading class com/google/common/io/Resources
Event: 14.458 loading class com/google/common/io/Resources done
Event: 14.458 loading class com/google/common/io/Resources$UrlByteSource
Event: 14.458 loading class com/google/common/io/Resources$UrlByteSource done
Event: 14.459 loading class com/google/common/io/LineProcessor
Event: 14.459 loading class com/google/common/io/LineProcessor done
Event: 14.459 loading class com/google/common/io/Closer
Event: 14.459 loading class com/google/common/io/Closer done
Event: 14.460 loading class com/google/common/io/Closer$Suppressor
Event: 14.460 loading class com/google/common/io/Closer$Suppressor done
Event: 14.460 loading class com/google/common/io/Closer$SuppressingSuppressor
Event: 14.460 loading class com/google/common/io/Closer$SuppressingSuppressor done
Event: 14.474 loading class org/openqa/selenium/remote/internal/WebElementToJsonConverter
Event: 14.474 loading class org/openqa/selenium/remote/internal/WebElementToJsonConverter done
Event: 14.483 Executing VM operation: G1CollectForAllocation


Dynamic libraries:
0x00007ff69b330000 - 0x00007ff69b33d000 	C:\Program Files\AdoptOpenJDK\jdk-11.0.5.10-hotspot\bin\javaw.exe
0x00007ffe5d3d0000 - 0x00007ffe5d57d000 	C:\Windows\SYSTEM32\ntdll.dll
0x00007ffe5d230000 - 0x00007ffe5d36f000 	C:\Windows\system32\KERNEL32.DLL
0x00007ffe5a940000 - 0x00007ffe5aa56000 	C:\Windows\system32\KERNELBASE.dll
0x00007ffe44030000 - 0x00007ffe44047000 	C:\Program Files\AdoptOpenJDK\jdk-11.0.5.10-hotspot\bin\jli.dll
0x00007ffe2aa40000 - 0x00007ffe2aa56000 	C:\Program Files\AdoptOpenJDK\jdk-11.0.5.10-hotspot\bin\VCRUNTIME140.dll
0x00007ffe35a90000 - 0x00007ffe35a94000 	C:\Program Files\AdoptOpenJDK\jdk-11.0.5.10-hotspot\bin\api-ms-win-crt-stdio-l1-1-0.dll
0x00007ffe2a770000 - 0x00007ffe2a774000 	C:\Program Files\AdoptOpenJDK\jdk-11.0.5.10-hotspot\bin\api-ms-win-crt-runtime-l1-1-0.dll
0x00007ffe2a760000 - 0x00007ffe2a763000 	C:\Program Files\AdoptOpenJDK\jdk-11.0.5.10-hotspot\bin\api-ms-win-crt-environment-l1-1-0.dll
0x00007ffe2a750000 - 0x00007ffe2a755000 	C:\Program Files\AdoptOpenJDK\jdk-11.0.5.10-hotspot\bin\api-ms-win-crt-math-l1-1-0.dll
0x00007ffe2a740000 - 0x00007ffe2a743000 	C:\Program Files\AdoptOpenJDK\jdk-11.0.5.10-hotspot\bin\api-ms-win-crt-locale-l1-1-0.dll
0x00007ffe2a730000 - 0x00007ffe2a733000 	C:\Program Files\AdoptOpenJDK\jdk-11.0.5.10-hotspot\bin\api-ms-win-crt-heap-l1-1-0.dll
0x00007ffe57ba0000 - 0x00007ffe57e1b000 	C:\Windows\WinSxS\amd64_microsoft.windows.common-controls_6595b64144ccf1df_6.0.9600.19394_none_62486577ecb635cf\COMCTL32.dll
0x00007ffe5b330000 - 0x00007ffe5b4a7000 	C:\Windows\system32\USER32.dll
0x00007ffe2a720000 - 0x00007ffe2a723000 	C:\Program Files\AdoptOpenJDK\jdk-11.0.5.10-hotspot\bin\api-ms-win-crt-filesystem-l1-1-0.dll
0x00007ffe2a710000 - 0x00007ffe2a714000 	C:\Program Files\AdoptOpenJDK\jdk-11.0.5.10-hotspot\bin\api-ms-win-crt-string-l1-1-0.dll
0x00007ffe2a700000 - 0x00007ffe2a704000 	C:\Program Files\AdoptOpenJDK\jdk-11.0.5.10-hotspot\bin\api-ms-win-crt-convert-l1-1-0.dll
0x00007ffe5cd40000 - 0x00007ffe5cdea000 	C:\Windows\system32\msvcrt.dll
0x00007ffe5cf10000 - 0x00007ffe5d05c000 	C:\Windows\system32\GDI32.dll
0x00007ffe29fd0000 - 0x00007ffe2a0ca000 	C:\Program Files\AdoptOpenJDK\jdk-11.0.5.10-hotspot\bin\ucrtbase.DLL
0x00007ffe5ad70000 - 0x00007ffe5ada6000 	C:\Windows\system32\IMM32.DLL
0x00007ffe5d0c0000 - 0x00007ffe5d212000 	C:\Windows\system32\MSCTF.dll
0x000000313b840000 - 0x000000313b851000 	C:\Windows\System32\umppc10504.dll
0x00007ffe2a120000 - 0x00007ffe2a1bb000 	C:\Program Files\AdoptOpenJDK\jdk-11.0.5.10-hotspot\bin\msvcp140.dll
0x00007ffe2a6f0000 - 0x00007ffe2a6f3000 	C:\Program Files\AdoptOpenJDK\jdk-11.0.5.10-hotspot\bin\api-ms-win-crt-time-l1-1-0.dll
0x00007ffe2a6b0000 - 0x00007ffe2a6b3000 	C:\Program Files\AdoptOpenJDK\jdk-11.0.5.10-hotspot\bin\api-ms-win-crt-utility-l1-1-0.dll
0x00007ffe25b80000 - 0x00007ffe2663a000 	C:\Program Files\AdoptOpenJDK\jdk-11.0.5.10-hotspot\bin\server\jvm.dll
0x00007ffe5cc90000 - 0x00007ffe5cd3a000 	C:\Windows\system32\ADVAPI32.dll
0x00007ffe575c0000 - 0x00007ffe575c9000 	C:\Windows\SYSTEM32\WSOCK32.dll
0x00007ffe53b50000 - 0x00007ffe53b72000 	C:\Windows\SYSTEM32\WINMM.dll
0x00007ffe554d0000 - 0x00007ffe554da000 	C:\Windows\SYSTEM32\VERSION.dll
0x00007ffe5afe0000 - 0x00007ffe5afe7000 	C:\Windows\system32\PSAPI.DLL
0x00007ffe5d060000 - 0x00007ffe5d0b9000 	C:\Windows\SYSTEM32\sechost.dll
0x00007ffe5aff0000 - 0x00007ffe5b130000 	C:\Windows\system32\RPCRT4.dll
0x00007ffe5cdf0000 - 0x00007ffe5ce4a000 	C:\Windows\system32\WS2_32.dll
0x00007ffe53a90000 - 0x00007ffe53aba000 	C:\Windows\SYSTEM32\WINMMBASE.dll
0x00007ffe5a810000 - 0x00007ffe5a83e000 	C:\Windows\system32\SspiCli.dll
0x00007ffe5d220000 - 0x00007ffe5d229000 	C:\Windows\system32\NSI.dll
0x00007ffe5a8f0000 - 0x00007ffe5a93f000 	C:\Windows\SYSTEM32\cfgmgr32.dll
0x00007ffe59350000 - 0x00007ffe59378000 	C:\Windows\SYSTEM32\DEVOBJ.dll
0x00007ffe48470000 - 0x00007ffe48480000 	C:\Program Files\AdoptOpenJDK\jdk-11.0.5.10-hotspot\bin\verify.dll
0x00007ffe58240000 - 0x00007ffe583c9000 	C:\Windows\SYSTEM32\DBGHELP.DLL
0x00007ffe44050000 - 0x00007ffe44078000 	C:\Program Files\AdoptOpenJDK\jdk-11.0.5.10-hotspot\bin\java.dll
0x00007ffe37b20000 - 0x00007ffe37b36000 	C:\Program Files\AdoptOpenJDK\jdk-11.0.5.10-hotspot\bin\zip.dll
0x00007ffe48280000 - 0x00007ffe4828a000 	C:\Program Files\AdoptOpenJDK\jdk-11.0.5.10-hotspot\bin\jimage.dll
0x00007ffe5b760000 - 0x00007ffe5cc8b000 	C:\Windows\system32\SHELL32.dll
0x00007ffe5adb0000 - 0x00007ffe5afc0000 	C:\Windows\SYSTEM32\combase.dll
0x00007ffe5d370000 - 0x00007ffe5d3c4000 	C:\Windows\system32\SHLWAPI.dll
0x00007ffe58ba0000 - 0x00007ffe58c52000 	C:\Windows\SYSTEM32\SHCORE.dll
0x00007ffe5a500000 - 0x00007ffe5a515000 	C:\Windows\SYSTEM32\profapi.dll
0x00007ffe37ac0000 - 0x00007ffe37ad9000 	C:\Program Files\AdoptOpenJDK\jdk-11.0.5.10-hotspot\bin\net.dll
0x00007ffe54ee0000 - 0x00007ffe54fa9000 	C:\Windows\SYSTEM32\WINHTTP.dll
0x00007ffe59d30000 - 0x00007ffe59d89000 	C:\Windows\system32\mswsock.dll
0x00007ffe37aa0000 - 0x00007ffe37ab2000 	C:\Program Files\AdoptOpenJDK\jdk-11.0.5.10-hotspot\bin\nio.dll
0x00007ffe59b30000 - 0x00007ffe59bd4000 	C:\Windows\SYSTEM32\DNSAPI.dll
0x00007ffe554e0000 - 0x00007ffe554ea000 	C:\Windows\System32\rasadhlp.dll
0x00007ffe57620000 - 0x00007ffe5768b000 	C:\Windows\System32\fwpuclnt.dll
0x00007ffe59d90000 - 0x00007ffe59db0000 	C:\Windows\SYSTEM32\CRYPTSP.dll
0x00007ffe599d0000 - 0x00007ffe59a06000 	C:\Windows\system32\rsaenh.dll
0x00007ffe59fe0000 - 0x00007ffe5a006000 	C:\Windows\SYSTEM32\bcrypt.dll
0x00007ffe59ac0000 - 0x00007ffe59ae1000 	C:\Windows\SYSTEM32\USERENV.dll
0x00007ffe5a300000 - 0x00007ffe5a363000 	C:\Windows\system32\bcryptprimitives.dll
0x00007ffe5a370000 - 0x00007ffe5a37b000 	C:\Windows\SYSTEM32\CRYPTBASE.dll
0x00007ffe57690000 - 0x00007ffe576ba000 	C:\Windows\SYSTEM32\IPHLPAPI.DLL
0x00007ffe58750000 - 0x00007ffe5875a000 	C:\Windows\SYSTEM32\WINNSI.DLL
0x00007ffe575a0000 - 0x00007ffe575b6000 	C:\Windows\SYSTEM32\dhcpcsvc6.DLL
0x00007ffe571a0000 - 0x00007ffe571ba000 	C:\Windows\SYSTEM32\dhcpcsvc.DLL
0x00007ffe35a60000 - 0x00007ffe35a86000 	C:\Program Files\AdoptOpenJDK\jdk-11.0.5.10-hotspot\bin\sunec.dll
0x00007ffe47430000 - 0x00007ffe4743d000 	C:\Program Files\AdoptOpenJDK\jdk-11.0.5.10-hotspot\bin\sunmscapi.dll
0x00007ffe5a5d0000 - 0x00007ffe5a7af000 	C:\Windows\system32\CRYPT32.dll
0x00007ffe59fb0000 - 0x00007ffe59fd5000 	C:\Windows\SYSTEM32\ncrypt.dll
0x00007ffe5a5b0000 - 0x00007ffe5a5c1000 	C:\Windows\system32\MSASN1.dll
0x00007ffe59f70000 - 0x00007ffe59fa7000 	C:\Windows\SYSTEM32\NTASN1.dll

dbghelp: loaded successfully - version: 4.0.5 - missing functions: none
symbol engine: initialized successfully - sym options: 0x614 - pdb path: .;C:\Program Files\AdoptOpenJDK\jdk-11.0.5.10-hotspot\bin;C:\Windows\SYSTEM32;C:\Windows\WinSxS\amd64_microsoft.windows.common-controls_6595b64144ccf1df_6.0.9600.19394_none_62486577ecb635cf;C:\Program Files\AdoptOpenJDK\jdk-11.0.5.10-hotspot\bin\server

VM Arguments:
jvm_args: -ea -Dfile.encoding=Cp1252 
java_command: org.testng.remote.RemoteTestNG -serport 64358 -protocol json -d C:\Users\saansari\eclipse-workspace\MonsterAutomationFramework\test-output C:\Temp\6\testng-eclipse-1202218126\testng-customsuite.xml
java_class_path (initial): C:\Users\saansari\eclipse\java-2019-09\eclipse\configuration\org.eclipse.osgi\488\0\.cp\lib\testng-remote.jar;C:\Users\saansari\eclipse-workspace\MonsterAutomationFramework\target\test-classes;C:\Users\saansari\eclipse-workspace\MonsterAutomationFramework\target\classes;C:\Users\saansari\.m2\repository\org\testng\testng\6.14.3\testng-6.14.3.jar;C:\Users\saansari\.m2\repository\com\beust\jcommander\1.72\jcommander-1.72.jar;C:\Users\saansari\.m2\repository\org\apache-extras\beanshell\bsh\2.0b6\bsh-2.0b6.jar;C:\Users\saansari\.m2\repository\com\google\guava\guava\27.0.1-jre\guava-27.0.1-jre.jar;C:\Users\saansari\.m2\repository\com\google\guava\failureaccess\1.0.1\failureaccess-1.0.1.jar;C:\Users\saansari\.m2\repository\com\google\guava\listenablefuture\9999.0-empty-to-avoid-conflict-with-guava\listenablefuture-9999.0-empty-to-avoid-conflict-with-guava.jar;C:\Users\saansari\.m2\repository\com\google\code\findbugs\jsr305\3.0.2\jsr305-3.0.2.jar;C:\Users\saansari\.m2\repository\org\checkerframework\checker-qual\2.5.2\checker-qual-2.5.2.jar;C:\Users\saansari\.m2\repository\com\google\errorprone\error_prone_annotations\2.2.0\error_prone_annotations-2.2.0.jar;C:\Users\saansari\.m2\repository\com\google\j2objc\j2objc-annotations\1.1\j2objc-annotations-1.1.jar;C:\Users\saansari\.m2\repository\org\codehaus\mojo\animal-sniffer-annotations\1.17\animal-sniffer-annotations-1.17.jar;C:\Users\saansari\.m2\repository\com\codeborne\selenide\5.6.0\selenide-5.6.0.jar;C:\Users\saansari\.m2\repository\io\github\bonigarcia\webdrivermanager\3.7.1\webdrivermanager-3.7.1.jar;C:\Users\saansari\.m2\repository\org\rauschig\jarchivelib\1.0.0\jarchivelib-1.0.0.jar;C:\Users\saansari\.m2\repository\org\apache\commons\commons-compress\1.18\commons-compress-1.18.jar;C:\Users\saansari\.m2\repository\org\jsoup\jsoup\1.11.3\jsoup-1.11.3.jar;C:\Users\saansari\.m2\repository\com\browserup\browserup-proxy-core\2.0.1\browserup-proxy-core-2.0.1.jar;C:\Users\saansari\.m2\repository\c
Launcher Type: SUN_STANDARD

[Global flags]
     intx CICompilerCount                          = 2                                         {product} {ergonomic}
     uint ConcGCThreads                            = 1                                         {product} {ergonomic}
     uint G1ConcRefinementThreads                  = 2                                         {product} {ergonomic}
   size_t G1HeapRegionSize                         = 1048576                                   {product} {ergonomic}
    uintx GCDrainStackTargetSize                   = 64                                        {product} {ergonomic}
   size_t InitialHeapSize                          = 134217728                                 {product} {ergonomic}
   size_t MarkStackSize                            = 4194304                                   {product} {ergonomic}
   size_t MaxHeapSize                              = 2147483648                                {product} {ergonomic}
   size_t MaxNewSize                               = 1287651328                                {product} {ergonomic}
   size_t MinHeapDeltaBytes                        = 1048576                                   {product} {ergonomic}
    uintx NonNMethodCodeHeapSize                   = 5825164                                {pd product} {ergonomic}
    uintx NonProfiledCodeHeapSize                  = 122916538                              {pd product} {ergonomic}
    uintx ProfiledCodeHeapSize                     = 122916538                              {pd product} {ergonomic}
    uintx ReservedCodeCacheSize                    = 251658240                              {pd product} {ergonomic}
     bool SegmentedCodeCache                       = true                                      {product} {ergonomic}
     bool UseCompressedClassPointers               = true                                 {lp64_product} {ergonomic}
     bool UseCompressedOops                        = true                                 {lp64_product} {ergonomic}
     bool UseG1GC                                  = true                                      {product} {ergonomic}
     bool UseLargePagesIndividualAllocation        = false                                  {pd product} {ergonomic}

Logging:
Log output configuration:
 #0: stdout all=warning uptime,level,tags
 #1: stderr all=off uptime,level,tags

Environment Variables:
PATH=C:/Program Files/AdoptOpenJDK/jdk-11.0.5.10-hotspot/bin/client;C:/Program Files/AdoptOpenJDK/jdk-11.0.5.10-hotspot/bin;C:\Program Files\AdoptOpenJDK\jdk-11.0.5.10-hotspot\bin;C:\Windows\system32;C:\Windows;C:\Windows\System32\Wbem;C:\Windows\System32\WindowsPowerShell\v1.0\;C:\Program Files\Perforce\;C:\Windows\system32;
USERNAME=saansari
OS=Windows_NT
PROCESSOR_IDENTIFIER=Intel64 Family 6 Model 62 Stepping 4, GenuineIntel



---------------  S Y S T E M  ---------------

OS: Windows Server 2012 R2 , 64 bit Build 9600 (6.3.9600.19538)
VMWare virtualization detected

CPU:total 2 (initial active 2) (1 cores per cpu, 1 threads per core) family 6 model 62 stepping 4, cmov, cx8, fxsr, mmx, sse, sse2, sse3, ssse3, sse4.1, sse4.2, popcnt, avx, aes, clmul, erms, tsc, tscinvbit

Memory: 4k page, system-wide physical 8191M (448M free)
TotalPageFile size 12287M (AvailPageFile size 71M)
current process WorkingSet (physical memory assigned to process): 121M, peak: 122M
current process commit charge ("private bytes"): 238M, peak: 323M

vm_info: OpenJDK 64-Bit Server VM (11.0.5+10) for windows-amd64 JRE (11.0.5+10), built on Oct 19 2019 12:23:57 by "" with MS VC++ 15.8 (VS2017)

END.
